# JRE version: OpenJDK Runtime Environment Temurin-21.0.8+9 (21.0.8+9) (build 21.0.8+9-LTS)
# Java VM: OpenJDK 64-Bit Server VM Temurin-21.0.8+9 (21.0.8+9-LTS, mixed mode, sharing, tiered, compressed oops, compressed class ptrs, parallel gc, windows-amd64)
GC Precious Log:
 CardTable entry size: 512
 CPUs: 12 total, 12 available
 Memory: 14173M
 Large Page Support: Disabled
 NUMA Support: Disabled
 Compressed Oops: Enabled (32-bit)
 Alignments: Space 512K, Generation 512K, Heap 2M
 Heap Min Capacity: 100M
 Heap Initial Capacity: 100M
 Heap Max Capacity: 2G
 Pre-touch: Disabled
 Parallel Workers: 10
Heap:
 PSYoungGen      total 9728K, used 1192K [0x00000000d5580000, 0x00000000d6480000, 0x0000000100000000)
  eden space 8704K, 9% used [0x00000000d5580000,0x00000000d564a328,0x00000000d5e00000)
  from space 1024K, 37% used [0x00000000d6280000,0x00000000d62e0000,0x00000000d6380000)
  to   space 512K, 0% used [0x00000000d6400000,0x00000000d6400000,0x00000000d6480000)
 ParOldGen       total 126464K, used 82068K [0x0000000080000000, 0x0000000087b80000, 0x00000000d5580000)
  object space 126464K, 64% used [0x0000000080000000,0x0000000085025148,0x0000000087b80000)
 Metaspace       used 64567K, committed 66112K, reserved 1114112K
  class space    used 6826K, committed 7488K, reserved 1048576K
GC Heap History (20 events):
Event: 7.913 GC heap before
{Heap before GC invocations=40 (full 2):
 PSYoungGen      total 15360K, used 10532K [0x00000000d5580000, 0x00000000d6b00000, 0x0000000100000000)
  eden space 8704K, 48% used [0x00000000d5580000,0x00000000d59991d8,0x00000000d5e00000)
  from space 6656K, 95% used [0x00000000d6080000,0x00000000d66b0000,0x00000000d6700000)
  to   space 4096K, 0% used [0x00000000d6700000,0x00000000d6700000,0x00000000d6b00000)
 ParOldGen       total 120320K, used 120179K [0x0000000080000000, 0x0000000087580000, 0x00000000d5580000)
  object space 120320K, 99% used [0x0000000080000000,0x000000008755cf58,0x0000000087580000)
 Metaspace       used 58367K, committed 59776K, reserved 1114112K
  class space    used 6290K, committed 6912K, reserved 1048576K
}
Event: 7.917 GC heap after
{Heap after GC invocations=40 (full 2):
 PSYoungGen      total 11264K, used 2496K [0x00000000d5580000, 0x00000000d6980000, 0x0000000100000000)
  eden space 8704K, 0% used [0x00000000d5580000,0x00000000d5580000,0x00000000d5e00000)
  from space 2560K, 97% used [0x00000000d6700000,0x00000000d6970000,0x00000000d6980000)
  to   space 4096K, 0% used [0x00000000d6180000,0x00000000d6180000,0x00000000d6580000)
 ParOldGen       total 126464K, used 126435K [0x0000000080000000, 0x0000000087b80000, 0x00000000d5580000)
  object space 126464K, 99% used [0x0000000080000000,0x0000000087b78f58,0x0000000087b80000)
 Metaspace       used 58367K, committed 59776K, reserved 1114112K
  class space    used 6290K, committed 6912K, reserved 1048576K
}
Event: 7.917 GC heap before
{Heap before GC invocations=41 (full 3):
 PSYoungGen      total 11264K, used 2496K [0x00000000d5580000, 0x00000000d6980000, 0x0000000100000000)
  eden space 8704K, 0% used [0x00000000d5580000,0x00000000d5580000,0x00000000d5e00000)
  from space 2560K, 97% used [0x00000000d6700000,0x00000000d6970000,0x00000000d6980000)
  to   space 4096K, 0% used [0x00000000d6180000,0x00000000d6180000,0x00000000d6580000)
 ParOldGen       total 126464K, used 126435K [0x0000000080000000, 0x0000000087b80000, 0x00000000d5580000)
  object space 126464K, 99% used [0x0000000080000000,0x0000000087b78f58,0x0000000087b80000)
 Metaspace       used 58367K, committed 59776K, reserved 1114112K
  class space    used 6290K, committed 6912K, reserved 1048576K
}
Event: 8.010 GC heap after
{Heap after GC invocations=41 (full 3):
 PSYoungGen      total 11264K, used 0K [0x00000000d5580000, 0x00000000d6980000, 0x0000000100000000)
  eden space 8704K, 0% used [0x00000000d5580000,0x00000000d5580000,0x00000000d5e00000)
  from space 2560K, 0% used [0x00000000d6700000,0x00000000d6700000,0x00000000d6980000)
  to   space 4096K, 0% used [0x00000000d6180000,0x00000000d6180000,0x00000000d6580000)
 ParOldGen       total 126464K, used 78387K [0x0000000080000000, 0x0000000087b80000, 0x00000000d5580000)
  object space 126464K, 61% used [0x0000000080000000,0x0000000084c8cff8,0x0000000087b80000)
 Metaspace       used 58367K, committed 59776K, reserved 1114112K
  class space    used 6290K, committed 6912K, reserved 1048576K
}
Event: 31.139 GC heap before
{Heap before GC invocations=42 (full 3):
 PSYoungGen      total 11264K, used 8704K [0x00000000d5580000, 0x00000000d6980000, 0x0000000100000000)
  eden space 8704K, 100% used [0x00000000d5580000,0x00000000d5e00000,0x00000000d5e00000)
  from space 2560K, 0% used [0x00000000d6700000,0x00000000d6700000,0x00000000d6980000)
  to   space 4096K, 0% used [0x00000000d6180000,0x00000000d6180000,0x00000000d6580000)
 ParOldGen       total 126464K, used 78387K [0x0000000080000000, 0x0000000087b80000, 0x00000000d5580000)
  object space 126464K, 61% used [0x0000000080000000,0x0000000084c8cff8,0x0000000087b80000)
 Metaspace       used 58939K, committed 60352K, reserved 1114112K
  class space    used 6330K, committed 6912K, reserved 1048576K
}
Event: 31.147 GC heap after
{Heap after GC invocations=42 (full 3):
 PSYoungGen      total 12800K, used 681K [0x00000000d5580000, 0x00000000d6780000, 0x0000000100000000)
  eden space 8704K, 0% used [0x00000000d5580000,0x00000000d5580000,0x00000000d5e00000)
  from space 4096K, 16% used [0x00000000d6180000,0x00000000d622a480,0x00000000d6580000)
  to   space 2048K, 0% used [0x00000000d6580000,0x00000000d6580000,0x00000000d6780000)
 ParOldGen       total 126464K, used 78395K [0x0000000080000000, 0x0000000087b80000, 0x00000000d5580000)
  object space 126464K, 61% used [0x0000000080000000,0x0000000084c8eff8,0x0000000087b80000)
 Metaspace       used 58939K, committed 60352K, reserved 1114112K
  class space    used 6330K, committed 6912K, reserved 1048576K
}
Event: 11679.733 GC heap before
{Heap before GC invocations=43 (full 3):
 PSYoungGen      total 12800K, used 9385K [0x00000000d5580000, 0x00000000d6780000, 0x0000000100000000)
  eden space 8704K, 100% used [0x00000000d5580000,0x00000000d5e00000,0x00000000d5e00000)
  from space 4096K, 16% used [0x00000000d6180000,0x00000000d622a480,0x00000000d6580000)
  to   space 2048K, 0% used [0x00000000d6580000,0x00000000d6580000,0x00000000d6780000)
 ParOldGen       total 126464K, used 78395K [0x0000000080000000, 0x0000000087b80000, 0x00000000d5580000)
  object space 126464K, 61% used [0x0000000080000000,0x0000000084c8eff8,0x0000000087b80000)
 Metaspace       used 59835K, committed 61248K, reserved 1114112K
  class space    used 6419K, committed 7040K, reserved 1048576K
}
Event: 11679.741 GC heap after
{Heap after GC invocations=43 (full 3):
 PSYoungGen      total 10752K, used 1664K [0x00000000d5580000, 0x00000000d6780000, 0x0000000100000000)
  eden space 8704K, 0% used [0x00000000d5580000,0x00000000d5580000,0x00000000d5e00000)
  from space 2048K, 81% used [0x00000000d6580000,0x00000000d6720020,0x00000000d6780000)
  to   space 2048K, 0% used [0x00000000d6380000,0x00000000d6380000,0x00000000d6580000)
 ParOldGen       total 126464K, used 78903K [0x0000000080000000, 0x0000000087b80000, 0x00000000d5580000)
  object space 126464K, 62% used [0x0000000080000000,0x0000000084d0dcb8,0x0000000087b80000)
 Metaspace       used 59835K, committed 61248K, reserved 1114112K
  class space    used 6419K, committed 7040K, reserved 1048576K
}
Event: 11679.902 GC heap before
{Heap before GC invocations=44 (full 3):
 PSYoungGen      total 10752K, used 10368K [0x00000000d5580000, 0x00000000d6780000, 0x0000000100000000)
  eden space 8704K, 100% used [0x00000000d5580000,0x00000000d5e00000,0x00000000d5e00000)
  from space 2048K, 81% used [0x00000000d6580000,0x00000000d6720020,0x00000000d6780000)
  to   space 2048K, 0% used [0x00000000d6380000,0x00000000d6380000,0x00000000d6580000)
 ParOldGen       total 126464K, used 78903K [0x0000000080000000, 0x0000000087b80000, 0x00000000d5580000)
  object space 126464K, 62% used [0x0000000080000000,0x0000000084d0dcb8,0x0000000087b80000)
 Metaspace       used 60440K, committed 61888K, reserved 1114112K
  class space    used 6462K, committed 7104K, reserved 1048576K
}
Event: 11679.905 GC heap after
{Heap after GC invocations=44 (full 3):
 PSYoungGen      total 10240K, used 1351K [0x00000000d5580000, 0x00000000d6600000, 0x0000000100000000)
  eden space 8704K, 0% used [0x00000000d5580000,0x00000000d5580000,0x00000000d5e00000)
  from space 1536K, 87% used [0x00000000d6380000,0x00000000d64d1c50,0x00000000d6500000)
  to   space 1024K, 0% used [0x00000000d6500000,0x00000000d6500000,0x00000000d6600000)
 ParOldGen       total 126464K, used 79460K [0x0000000080000000, 0x0000000087b80000, 0x00000000d5580000)
  object space 126464K, 62% used [0x0000000080000000,0x0000000084d990d8,0x0000000087b80000)
 Metaspace       used 60440K, committed 61888K, reserved 1114112K
  class space    used 6462K, committed 7104K, reserved 1048576K
}
Event: 11694.875 GC heap before
{Heap before GC invocations=45 (full 3):
 PSYoungGen      total 10240K, used 10055K [0x00000000d5580000, 0x00000000d6600000, 0x0000000100000000)
  eden space 8704K, 100% used [0x00000000d5580000,0x00000000d5e00000,0x00000000d5e00000)
  from space 1536K, 87% used [0x00000000d6380000,0x00000000d64d1c50,0x00000000d6500000)
  to   space 1024K, 0% used [0x00000000d6500000,0x00000000d6500000,0x00000000d6600000)
 ParOldGen       total 126464K, used 79460K [0x0000000080000000, 0x0000000087b80000, 0x00000000d5580000)
  object space 126464K, 62% used [0x0000000080000000,0x0000000084d990d8,0x0000000087b80000)
 Metaspace       used 61559K, committed 63040K, reserved 1114112K
  class space    used 6566K, committed 7168K, reserved 1048576K
}
Event: 11694.877 GC heap after
{Heap after GC invocations=45 (full 3):
 PSYoungGen      total 9728K, used 634K [0x00000000d5580000, 0x00000000d6600000, 0x0000000100000000)
  eden space 8704K, 0% used [0x00000000d5580000,0x00000000d5580000,0x00000000d5e00000)
  from space 1024K, 62% used [0x00000000d6500000,0x00000000d659ebc0,0x00000000d6600000)
  to   space 1024K, 0% used [0x00000000d6400000,0x00000000d6400000,0x00000000d6500000)
 ParOldGen       total 126464K, used 80314K [0x0000000080000000, 0x0000000087b80000, 0x00000000d5580000)
  object space 126464K, 63% used [0x0000000080000000,0x0000000084e6e9d8,0x0000000087b80000)
 Metaspace       used 61559K, committed 63040K, reserved 1114112K
  class space    used 6566K, committed 7168K, reserved 1048576K
}
Event: 11694.954 GC heap before
{Heap before GC invocations=46 (full 3):
 PSYoungGen      total 9728K, used 9338K [0x00000000d5580000, 0x00000000d6600000, 0x0000000100000000)
  eden space 8704K, 100% used [0x00000000d5580000,0x00000000d5e00000,0x00000000d5e00000)
  from space 1024K, 62% used [0x00000000d6500000,0x00000000d659ebc0,0x00000000d6600000)
  to   space 1024K, 0% used [0x00000000d6400000,0x00000000d6400000,0x00000000d6500000)
 ParOldGen       total 126464K, used 80314K [0x0000000080000000, 0x0000000087b80000, 0x00000000d5580000)
  object space 126464K, 63% used [0x0000000080000000,0x0000000084e6e9d8,0x0000000087b80000)
 Metaspace       used 62646K, committed 64064K, reserved 1114112K
  class space    used 6666K, committed 7232K, reserved 1048576K
}
Event: 11694.956 GC heap after
{Heap after GC invocations=46 (full 3):
 PSYoungGen      total 9728K, used 960K [0x00000000d5580000, 0x00000000d6580000, 0x0000000100000000)
  eden space 8704K, 0% used [0x00000000d5580000,0x00000000d5580000,0x00000000d5e00000)
  from space 1024K, 93% used [0x00000000d6400000,0x00000000d64f0040,0x00000000d6500000)
  to   space 512K, 0% used [0x00000000d6500000,0x00000000d6500000,0x00000000d6580000)
 ParOldGen       total 126464K, used 80714K [0x0000000080000000, 0x0000000087b80000, 0x00000000d5580000)
  object space 126464K, 63% used [0x0000000080000000,0x0000000084ed29d8,0x0000000087b80000)
 Metaspace       used 62646K, committed 64064K, reserved 1114112K
  class space    used 6666K, committed 7232K, reserved 1048576K
}
Event: 11695.041 GC heap before
{Heap before GC invocations=47 (full 3):
 PSYoungGen      total 9728K, used 9664K [0x00000000d5580000, 0x00000000d6580000, 0x0000000100000000)
  eden space 8704K, 100% used [0x00000000d5580000,0x00000000d5e00000,0x00000000d5e00000)
  from space 1024K, 93% used [0x00000000d6400000,0x00000000d64f0040,0x00000000d6500000)
  to   space 512K, 0% used [0x00000000d6500000,0x00000000d6500000,0x00000000d6580000)
 ParOldGen       total 126464K, used 80714K [0x0000000080000000, 0x0000000087b80000, 0x00000000d5580000)
  object space 126464K, 63% used [0x0000000080000000,0x0000000084ed29d8,0x0000000087b80000)
 Metaspace       used 63490K, committed 64960K, reserved 1114112K
  class space    used 6742K, committed 7360K, reserved 1048576K
}
Event: 11695.042 GC heap after
{Heap after GC invocations=47 (full 3):
 PSYoungGen      total 9216K, used 512K [0x00000000d5580000, 0x00000000d6580000, 0x0000000100000000)
  eden space 8704K, 0% used [0x00000000d5580000,0x00000000d5580000,0x00000000d5e00000)
  from space 512K, 100% used [0x00000000d6500000,0x00000000d6580000,0x00000000d6580000)
  to   space 1536K, 0% used [0x00000000d6280000,0x00000000d6280000,0x00000000d6400000)
 ParOldGen       total 126464K, used 81228K [0x0000000080000000, 0x0000000087b80000, 0x00000000d5580000)
  object space 126464K, 64% used [0x0000000080000000,0x0000000084f53128,0x0000000087b80000)
 Metaspace       used 63490K, committed 64960K, reserved 1114112K
  class space    used 6742K, committed 7360K, reserved 1048576K
}
Event: 11697.261 GC heap before
{Heap before GC invocations=48 (full 3):
 PSYoungGen      total 9216K, used 9216K [0x00000000d5580000, 0x00000000d6580000, 0x0000000100000000)
  eden space 8704K, 100% used [0x00000000d5580000,0x00000000d5e00000,0x00000000d5e00000)
  from space 512K, 100% used [0x00000000d6500000,0x00000000d6580000,0x00000000d6580000)
  to   space 1536K, 0% used [0x00000000d6280000,0x00000000d6280000,0x00000000d6400000)
 ParOldGen       total 126464K, used 81228K [0x0000000080000000, 0x0000000087b80000, 0x00000000d5580000)
  object space 126464K, 64% used [0x0000000080000000,0x0000000084f53128,0x0000000087b80000)
 Metaspace       used 63857K, committed 65344K, reserved 1114112K
  class space    used 6792K, committed 7424K, reserved 1048576K
}
Event: 11697.263 GC heap after
{Heap after GC invocations=48 (full 3):
 PSYoungGen      total 10240K, used 1235K [0x00000000d5580000, 0x00000000d6580000, 0x0000000100000000)
  eden space 8704K, 0% used [0x00000000d5580000,0x00000000d5580000,0x00000000d5e00000)
  from space 1536K, 80% used [0x00000000d6280000,0x00000000d63b4d50,0x00000000d6400000)
  to   space 1536K, 0% used [0x00000000d6400000,0x00000000d6400000,0x00000000d6580000)
 ParOldGen       total 126464K, used 81740K [0x0000000080000000, 0x0000000087b80000, 0x00000000d5580000)
  object space 126464K, 64% used [0x0000000080000000,0x0000000084fd3128,0x0000000087b80000)
 Metaspace       used 63857K, committed 65344K, reserved 1114112K
  class space    used 6792K, committed 7424K, reserved 1048576K
}
Event: 11724.453 GC heap before
{Heap before GC invocations=49 (full 3):
 PSYoungGen      total 10240K, used 9939K [0x00000000d5580000, 0x00000000d6580000, 0x0000000100000000)
  eden space 8704K, 100% used [0x00000000d5580000,0x00000000d5e00000,0x00000000d5e00000)
  from space 1536K, 80% used [0x00000000d6280000,0x00000000d63b4d50,0x00000000d6400000)
  to   space 1536K, 0% used [0x00000000d6400000,0x00000000d6400000,0x00000000d6580000)
 ParOldGen       total 126464K, used 81740K [0x0000000080000000, 0x0000000087b80000, 0x00000000d5580000)
  object space 126464K, 64% used [0x0000000080000000,0x0000000084fd3128,0x0000000087b80000)
 Metaspace       used 64304K, committed 65792K, reserved 1114112K
  class space    used 6825K, committed 7488K, reserved 1048576K
}
Event: 11724.454 GC heap after
{Heap after GC invocations=49 (full 3):
 PSYoungGen      total 9216K, used 352K [0x00000000d5580000, 0x00000000d6480000, 0x0000000100000000)
  eden space 8704K, 0% used [0x00000000d5580000,0x00000000d5580000,0x00000000d5e00000)
  from space 512K, 68% used [0x00000000d6400000,0x00000000d6458000,0x00000000d6480000)
  to   space 1024K, 0% used [0x00000000d6280000,0x00000000d6280000,0x00000000d6380000)
 ParOldGen       total 126464K, used 81892K [0x0000000080000000, 0x0000000087b80000, 0x00000000d5580000)
  object space 126464K, 64% used [0x0000000080000000,0x0000000084ff9148,0x0000000087b80000)
 Metaspace       used 64304K, committed 65792K, reserved 1114112K
  class space    used 6825K, committed 7488K, reserved 1048576K
}

